{"/Users/zhaoning/test-try/jest/sum.js": {"path":"/Users/zhaoning/test-try/jest/sum.js","statementMap":{"0":{"start":{"line":1,"column":11},"end":{"line":1,"column":24}},"1":{"start":{"line":2,"column":11},"end":{"line":2,"column":24}},"2":{"start":{"line":4,"column":16},"end":{"line":8,"column":1}},"3":{"start":{"line":10,"column":0},"end":{"line":10,"column":26}},"4":{"start":{"line":12,"column":0},"end":{"line":12,"column":54}},"5":{"start":{"line":15,"column":2},"end":{"line":15,"column":15}},"6":{"start":{"line":19,"column":16},"end":{"line":19,"column":69}},"7":{"start":{"line":20,"column":4},"end":{"line":20,"column":49}},"8":{"start":{"line":24,"column":3},"end":{"line":24,"column":15}},"9":{"start":{"line":25,"column":3},"end":{"line":25,"column":15}},"10":{"start":{"line":29,"column":4},"end":{"line":29,"column":17}},"11":{"start":{"line":32,"column":0},"end":{"line":32,"column":34}},"12":{"start":{"line":34,"column":0},"end":{"line":38,"column":2}}},"fnMap":{"0":{"name":"sum","decl":{"start":{"line":14,"column":9},"end":{"line":14,"column":12}},"loc":{"start":{"line":14,"column":19},"end":{"line":16,"column":1}},"line":14},"1":{"name":"read","decl":{"start":{"line":18,"column":9},"end":{"line":18,"column":13}},"loc":{"start":{"line":18,"column":16},"end":{"line":21,"column":1}},"line":18},"2":{"name":"some","decl":{"start":{"line":23,"column":9},"end":{"line":23,"column":13}},"loc":{"start":{"line":23,"column":24},"end":{"line":26,"column":1}},"line":23},"3":{"name":"minuns","decl":{"start":{"line":28,"column":9},"end":{"line":28,"column":15}},"loc":{"start":{"line":28,"column":22},"end":{"line":30,"column":1}},"line":28}},"branchMap":{"0":{"loc":{"start":{"line":20,"column":11},"end":{"line":20,"column":48}},"type":"cond-expr","locations":[{"start":{"line":20,"column":37},"end":{"line":20,"column":41}},{"start":{"line":20,"column":44},"end":{"line":20,"column":48}}],"line":20}},"s":{"0":1,"1":1,"2":1,"3":1,"4":1,"5":1,"6":2,"7":2,"8":1,"9":1,"10":0,"11":1,"12":1},"f":{"0":1,"1":2,"2":1,"3":0},"b":{"0":[1,1]},"_coverageSchema":"1a1c01bbd47fc00a2c39e90264f33305004495a9","hash":"055f439551e26eeb2ee23ad5295dce60ab919458"}
}
